# JRE version: Java(TM) SE Runtime Environment (8.0_144-b01) (build 1.8.0_144-b01)
# Java VM: Java HotSpot(TM) 64-Bit Server VM (25.144-b01 mixed mode windows-amd64 compressed oops)
Heap:
 PSYoungGen      total 558592K, used 157620K [0x00000000d5f00000, 0x00000000fd380000, 0x0000000100000000)
  eden space 541184K, 25% used [0x00000000d5f00000,0x00000000de84e940,0x00000000f6f80000)
  from space 17408K, 97% used [0x00000000fc280000,0x00000000fd31e6d0,0x00000000fd380000)
  to   space 30720K, 0% used [0x00000000f9780000,0x00000000f9780000,0x00000000fb580000)
 ParOldGen       total 190976K, used 83368K [0x0000000081c00000, 0x000000008d680000, 0x00000000d5f00000)
  object space 190976K, 43% used [0x0000000081c00000,0x0000000086d6a188,0x000000008d680000)
 Metaspace       used 71844K, capacity 73770K, committed 73816K, reserved 1114112K
  class space    used 8211K, capacity 8553K, committed 8576K, reserved 1048576K
GC Heap History (10 events):
Event: 41.684 GC heap before
{Heap before GC invocations=15 (full 2):
 PSYoungGen      total 515584K, used 378346K [0x00000000d5f00000, 0x00000000f7b00000, 0x0000000100000000)
  eden space 485376K, 74% used [0x00000000d5f00000,0x00000000ec042260,0x00000000f3900000)
  from space 30208K, 54% used [0x00000000f5d80000,0x00000000f6db85c0,0x00000000f7b00000)
  to   space 33792K, 0% used [0x00000000f3900000,0x00000000f3900000,0x00000000f5a00000)
 ParOldGen       total 130048K, used 88873K [0x0000000081c00000, 0x0000000089b00000, 0x00000000d5f00000)
  object space 130048K, 68% used [0x0000000081c00000,0x00000000872ca408,0x0000000089b00000)
 Metaspace       used 58291K, capacity 59014K, committed 59096K, reserved 1101824K
  class space    used 6990K, capacity 7153K, committed 7168K, reserved 1048576K
Event: 41.765 GC heap after
Heap after GC invocations=15 (full 2):
 PSYoungGen      total 519168K, used 18634K [0x00000000d5f00000, 0x0000000100000000, 0x0000000100000000)
  eden space 485376K, 0% used [0x00000000d5f00000,0x00000000d5f00000,0x00000000f3900000)
  from space 33792K, 55% used [0x00000000f3900000,0x00000000f4b32908,0x00000000f5a00000)
  to   space 33280K, 0% used [0x00000000fdf80000,0x00000000fdf80000,0x0000000100000000)
 ParOldGen       total 130048K, used 101179K [0x0000000081c00000, 0x0000000089b00000, 0x00000000d5f00000)
  object space 130048K, 77% used [0x0000000081c00000,0x0000000087eced58,0x0000000089b00000)
 Metaspace       used 58291K, capacity 59014K, committed 59096K, reserved 1101824K
  class space    used 6990K, capacity 7153K, committed 7168K, reserved 1048576K
}
Event: 41.765 GC heap before
{Heap before GC invocations=16 (full 3):
 PSYoungGen      total 519168K, used 18634K [0x00000000d5f00000, 0x0000000100000000, 0x0000000100000000)
  eden space 485376K, 0% used [0x00000000d5f00000,0x00000000d5f00000,0x00000000f3900000)
  from space 33792K, 55% used [0x00000000f3900000,0x00000000f4b32908,0x00000000f5a00000)
  to   space 33280K, 0% used [0x00000000fdf80000,0x00000000fdf80000,0x0000000100000000)
 ParOldGen       total 130048K, used 101179K [0x0000000081c00000, 0x0000000089b00000, 0x00000000d5f00000)
  object space 130048K, 77% used [0x0000000081c00000,0x0000000087eced58,0x0000000089b00000)
 Metaspace       used 58291K, capacity 59014K, committed 59096K, reserved 1101824K
  class space    used 6990K, capacity 7153K, committed 7168K, reserved 1048576K
Event: 42.312 GC heap after
Heap after GC invocations=16 (full 3):
 PSYoungGen      total 519168K, used 0K [0x00000000d5f00000, 0x0000000100000000, 0x0000000100000000)
  eden space 485376K, 0% used [0x00000000d5f00000,0x00000000d5f00000,0x00000000f3900000)
  from space 33792K, 0% used [0x00000000f3900000,0x00000000f3900000,0x00000000f5a00000)
  to   space 33280K, 0% used [0x00000000fdf80000,0x00000000fdf80000,0x0000000100000000)
 ParOldGen       total 190976K, used 83352K [0x0000000081c00000, 0x000000008d680000, 0x00000000d5f00000)
  object space 190976K, 43% used [0x0000000081c00000,0x0000000086d66188,0x000000008d680000)
 Metaspace       used 58291K, capacity 59014K, committed 59096K, reserved 1101824K
  class space    used 6990K, capacity 7153K, committed 7168K, reserved 1048576K
}
Event: 364.573 GC heap before
{Heap before GC invocations=17 (full 3):
 PSYoungGen      total 519168K, used 485376K [0x00000000d5f00000, 0x0000000100000000, 0x0000000100000000)
  eden space 485376K, 100% used [0x00000000d5f00000,0x00000000f3900000,0x00000000f3900000)
  from space 33792K, 0% used [0x00000000f3900000,0x00000000f3900000,0x00000000f5a00000)
  to   space 33280K, 0% used [0x00000000fdf80000,0x00000000fdf80000,0x0000000100000000)
 ParOldGen       total 190976K, used 83352K [0x0000000081c00000, 0x000000008d680000, 0x00000000d5f00000)
  object space 190976K, 43% used [0x0000000081c00000,0x0000000086d66188,0x000000008d680000)
 Metaspace       used 69695K, capacity 71202K, committed 71384K, reserved 1112064K
  class space    used 8086K, capacity 8371K, committed 8448K, reserved 1048576K
Event: 364.601 GC heap after
Heap after GC invocations=17 (full 3):
 PSYoungGen      total 612352K, used 20481K [0x00000000d5f00000, 0x00000000ff400000, 0x0000000100000000)
  eden space 591360K, 0% used [0x00000000d5f00000,0x00000000d5f00000,0x00000000fa080000)
  from space 20992K, 97% used [0x00000000fdf80000,0x00000000ff380448,0x00000000ff400000)
  to   space 33280K, 0% used [0x00000000fb300000,0x00000000fb300000,0x00000000fd380000)
 ParOldGen       total 190976K, used 83360K [0x0000000081c00000, 0x000000008d680000, 0x00000000d5f00000)
  object space 190976K, 43% used [0x0000000081c00000,0x0000000086d68188,0x000000008d680000)
 Metaspace       used 69695K, capacity 71202K, committed 71384K, reserved 1112064K
  class space    used 8086K, capacity 8371K, committed 8448K, reserved 1048576K
}
Event: 1757.261 GC heap before
{Heap before GC invocations=18 (full 3):
 PSYoungGen      total 612352K, used 611841K [0x00000000d5f00000, 0x00000000ff400000, 0x0000000100000000)
  eden space 591360K, 100% used [0x00000000d5f00000,0x00000000fa080000,0x00000000fa080000)
  from space 20992K, 97% used [0x00000000fdf80000,0x00000000ff380448,0x00000000ff400000)
  to   space 33280K, 0% used [0x00000000fb300000,0x00000000fb300000,0x00000000fd380000)
 ParOldGen       total 190976K, used 83360K [0x0000000081c00000, 0x000000008d680000, 0x00000000d5f00000)
  object space 190976K, 43% used [0x0000000081c00000,0x0000000086d68188,0x000000008d680000)
 Metaspace       used 70222K, capacity 71792K, committed 71896K, reserved 1112064K
  class space    used 8099K, capacity 8394K, committed 8448K, reserved 1048576K
Event: 1757.285 GC heap after
Heap after GC invocations=18 (full 3):
 PSYoungGen      total 581632K, used 15495K [0x00000000d5f00000, 0x00000000fe000000, 0x0000000100000000)
  eden space 565760K, 0% used [0x00000000d5f00000,0x00000000d5f00000,0x00000000f8780000)
  from space 15872K, 97% used [0x00000000fb300000,0x00000000fc221ee0,0x00000000fc280000)
  to   space 30208K, 0% used [0x00000000fc280000,0x00000000fc280000,0x00000000fe000000)
 ParOldGen       total 190976K, used 83360K [0x0000000081c00000, 0x000000008d680000, 0x00000000d5f00000)
  object space 190976K, 43% used [0x0000000081c00000,0x0000000086d68188,0x000000008d680000)
 Metaspace       used 70222K, capacity 71792K, committed 71896K, reserved 1112064K
  class space    used 8099K, capacity 8394K, committed 8448K, reserved 1048576K
}
Event: 4764.388 GC heap before
{Heap before GC invocations=19 (full 3):
 PSYoungGen      total 581632K, used 581255K [0x00000000d5f00000, 0x00000000fe000000, 0x0000000100000000)
  eden space 565760K, 100% used [0x00000000d5f00000,0x00000000f8780000,0x00000000f8780000)
  from space 15872K, 97% used [0x00000000fb300000,0x00000000fc221ee0,0x00000000fc280000)
  to   space 30208K, 0% used [0x00000000fc280000,0x00000000fc280000,0x00000000fe000000)
 ParOldGen       total 190976K, used 83360K [0x0000000081c00000, 0x000000008d680000, 0x00000000d5f00000)
  object space 190976K, 43% used [0x0000000081c00000,0x0000000086d68188,0x000000008d680000)
 Metaspace       used 71290K, capacity 73196K, committed 73304K, reserved 1114112K
  class space    used 8183K, capacity 8516K, committed 8576K, reserved 1048576K
Event: 4764.414 GC heap after
Heap after GC invocations=19 (full 3):
 PSYoungGen      total 558592K, used 17017K [0x00000000d5f00000, 0x00000000fd380000, 0x0000000100000000)
  eden space 541184K, 0% used [0x00000000d5f00000,0x00000000d5f00000,0x00000000f6f80000)
  from space 17408K, 97% used [0x00000000fc280000,0x00000000fd31e6d0,0x00000000fd380000)
  to   space 30720K, 0% used [0x00000000f9780000,0x00000000f9780000,0x00000000fb580000)
 ParOldGen       total 190976K, used 83368K [0x0000000081c00000, 0x000000008d680000, 0x00000000d5f00000)
  object space 190976K, 43% used [0x0000000081c00000,0x0000000086d6a188,0x000000008d680000)
 Metaspace       used 71290K, capacity 73196K, committed 73304K, reserved 1114112K
  class space    used 8183K, capacity 8516K, committed 8576K, reserved 1048576K
}

