# JRE version: Java(TM) SE Runtime Environment (8.0_91-b15) (build 1.8.0_91-b15)
# Java VM: Java HotSpot(TM) Client VM (25.91-b15 mixed mode windows-x86 )
Heap:
 def new generation   total 50880K, used 4212K [0x04800000, 0x07f30000, 0x09d50000)
  eden space 45248K,   3% used [0x04800000, 0x04994450, 0x07430000)
  from space 5632K,  46% used [0x079b0000, 0x07c38da0, 0x07f30000)
  to   space 5632K,   0% used [0x07430000, 0x07430000, 0x079b0000)
 tenured generation   total 113008K, used 102412K [0x09d50000, 0x10bac000, 0x14800000)
   the space 113008K,  90% used [0x09d50000, 0x10153090, 0x10153200, 0x10bac000)
 Metaspace       used 40785K, capacity 41293K, committed 41344K, reserved 41344K
GC Heap History (10 events):
Event: 49.653 GC heap before
{Heap before GC invocations=117 (full 5):
 def new generation   total 50880K, used 50880K [0x04800000, 0x07f30000, 0x09d50000)
  eden space 45248K, 100% used [0x04800000, 0x07430000, 0x07430000)
  from space 5632K, 100% used [0x07430000, 0x079b0000, 0x079b0000)
  to   space 5632K,   0% used [0x079b0000, 0x079b0000, 0x07f30000)
 tenured generation   total 113008K, used 95540K [0x09d50000, 0x10bac000, 0x14800000)
   the space 113008K,  84% used [0x09d50000, 0x0fa9d110, 0x0fa9d200, 0x10bac000)
 Metaspace       used 39378K, capacity 39731K, committed 39936K, reserved 40320K
Event: 49.694 GC heap after
Heap after GC invocations=118 (full 5):
 def new generation   total 50880K, used 2281K [0x04800000, 0x07f30000, 0x09d50000)
  eden space 45248K,   0% used [0x04800000, 0x04800000, 0x07430000)
  from space 5632K,  40% used [0x079b0000, 0x07bea538, 0x07f30000)
  to   space 5632K,   0% used [0x07430000, 0x07430000, 0x079b0000)
 tenured generation   total 113008K, used 99265K [0x09d50000, 0x10bac000, 0x14800000)
   the space 113008K,  87% used [0x09d50000, 0x0fe40780, 0x0fe40800, 0x10bac000)
 Metaspace       used 39378K, capacity 39731K, committed 39936K, reserved 40320K
}
Event: 60.054 GC heap before
{Heap before GC invocations=118 (full 5):
 def new generation   total 50880K, used 47529K [0x04800000, 0x07f30000, 0x09d50000)
  eden space 45248K, 100% used [0x04800000, 0x07430000, 0x07430000)
  from space 5632K,  40% used [0x079b0000, 0x07bea538, 0x07f30000)
  to   space 5632K,   0% used [0x07430000, 0x07430000, 0x079b0000)
 tenured generation   total 113008K, used 99265K [0x09d50000, 0x10bac000, 0x14800000)
   the space 113008K,  87% used [0x09d50000, 0x0fe40780, 0x0fe40800, 0x10bac000)
 Metaspace       used 39852K, capacity 40293K, committed 40320K, reserved 40320K
Event: 60.070 GC heap after
Heap after GC invocations=119 (full 5):
 def new generation   total 50880K, used 3942K [0x04800000, 0x07f30000, 0x09d50000)
  eden space 45248K,   0% used [0x04800000, 0x04800000, 0x07430000)
  from space 5632K,  69% used [0x07430000, 0x078098b8, 0x079b0000)
  to   space 5632K,   0% used [0x079b0000, 0x079b0000, 0x07f30000)
 tenured generation   total 113008K, used 99265K [0x09d50000, 0x10bac000, 0x14800000)
   the space 113008K,  87% used [0x09d50000, 0x0fe40780, 0x0fe40800, 0x10bac000)
 Metaspace       used 39852K, capacity 40293K, committed 40320K, reserved 40320K
}
Event: 98.138 GC heap before
{Heap before GC invocations=119 (full 5):
 def new generation   total 50880K, used 49190K [0x04800000, 0x07f30000, 0x09d50000)
  eden space 45248K, 100% used [0x04800000, 0x07430000, 0x07430000)
  from space 5632K,  69% used [0x07430000, 0x078098b8, 0x079b0000)
  to   space 5632K,   0% used [0x079b0000, 0x079b0000, 0x07f30000)
 tenured generation   total 113008K, used 99265K [0x09d50000, 0x10bac000, 0x14800000)
   the space 113008K,  87% used [0x09d50000, 0x0fe40780, 0x0fe40800, 0x10bac000)
 Metaspace       used 40112K, capacity 40570K, committed 40576K, reserved 41344K
Event: 98.157 GC heap after
Heap after GC invocations=120 (full 5):
 def new generation   total 50880K, used 1739K [0x04800000, 0x07f30000, 0x09d50000)
  eden space 45248K,   0% used [0x04800000, 0x04800000, 0x07430000)
  from space 5632K,  30% used [0x079b0000, 0x07b62fe8, 0x07f30000)
  to   space 5632K,   0% used [0x07430000, 0x07430000, 0x079b0000)
 tenured generation   total 113008K, used 102412K [0x09d50000, 0x10bac000, 0x14800000)
   the space 113008K,  90% used [0x09d50000, 0x10153090, 0x10153200, 0x10bac000)
 Metaspace       used 40112K, capacity 40570K, committed 40576K, reserved 41344K
}
Event: 109.449 GC heap before
{Heap before GC invocations=120 (full 5):
 def new generation   total 50880K, used 46987K [0x04800000, 0x07f30000, 0x09d50000)
  eden space 45248K, 100% used [0x04800000, 0x07430000, 0x07430000)
  from space 5632K,  30% used [0x079b0000, 0x07b62fe8, 0x07f30000)
  to   space 5632K,   0% used [0x07430000, 0x07430000, 0x079b0000)
 tenured generation   total 113008K, used 102412K [0x09d50000, 0x10bac000, 0x14800000)
   the space 113008K,  90% used [0x09d50000, 0x10153090, 0x10153200, 0x10bac000)
 Metaspace       used 40447K, capacity 40908K, committed 40960K, reserved 41344K
Event: 109.459 GC heap after
Heap after GC invocations=121 (full 5):
 def new generation   total 50880K, used 2002K [0x04800000, 0x07f30000, 0x09d50000)
  eden space 45248K,   0% used [0x04800000, 0x04800000, 0x07430000)
  from space 5632K,  35% used [0x07430000, 0x07624a58, 0x079b0000)
  to   space 5632K,   0% used [0x079b0000, 0x079b0000, 0x07f30000)
 tenured generation   total 113008K, used 102412K [0x09d50000, 0x10bac000, 0x14800000)
   the space 113008K,  90% used [0x09d50000, 0x10153090, 0x10153200, 0x10bac000)
 Metaspace       used 40447K, capacity 40908K, committed 40960K, reserved 41344K
}
Event: 924.887 GC heap before
{Heap before GC invocations=121 (full 5):
 def new generation   total 50880K, used 47250K [0x04800000, 0x07f30000, 0x09d50000)
  eden space 45248K, 100% used [0x04800000, 0x07430000, 0x07430000)
  from space 5632K,  35% used [0x07430000, 0x07624a58, 0x079b0000)
  to   space 5632K,   0% used [0x079b0000, 0x079b0000, 0x07f30000)
 tenured generation   total 113008K, used 102412K [0x09d50000, 0x10bac000, 0x14800000)
   the space 113008K,  90% used [0x09d50000, 0x10153090, 0x10153200, 0x10bac000)
 Metaspace       used 40772K, capacity 41286K, committed 41344K, reserved 41344K
Event: 924.901 GC heap after
Heap after GC invocations=122 (full 5):
 def new generation   total 50880K, used 2595K [0x04800000, 0x07f30000, 0x09d50000)
  eden space 45248K,   0% used [0x04800000, 0x04800000, 0x07430000)
  from space 5632K,  46% used [0x079b0000, 0x07c38da0, 0x07f30000)
  to   space 5632K,   0% used [0x07430000, 0x07430000, 0x079b0000)
 tenured generation   total 113008K, used 102412K [0x09d50000, 0x10bac000, 0x14800000)
   the space 113008K,  90% used [0x09d50000, 0x10153090, 0x10153200, 0x10bac000)
 Metaspace       used 40772K, capacity 41286K, committed 41344K, reserved 41344K
}

